05-01-2026T22:42:54.263-03:00  INFO 35104 --- [autores-api] [restartedMain] b.c.a.autoresapi.AutoresApiApplication   : Starting AutoresApiApplication using Java 21.0.2 with PID 35104 (C:\Users\alexandre.tavares_pr\Desktop\autores-api\target\classes started by alexandre.tavares_pr in C:\Users\alexandre.tavares_pr\Desktop\autores-api)
05-01-2026T22:42:54.264-03:00  INFO 35104 --- [autores-api] [restartedMain] b.c.a.autoresapi.AutoresApiApplication   : The following 1 profile is active: "prd"
05-01-2026T22:42:54.325-03:00  INFO 35104 --- [autores-api] [restartedMain] .e.DevToolsPropertyDefaultsPostProcessor : Devtools property defaults active! Set 'spring.devtools.add-properties' to 'false' to disable
05-01-2026T22:42:54.330-03:00  INFO 35104 --- [autores-api] [restartedMain] .e.DevToolsPropertyDefaultsPostProcessor : For additional web related logging consider setting the 'logging.level.web' property to 'DEBUG'
05-01-2026T22:42:56.229-03:00  INFO 35104 --- [autores-api] [restartedMain] .s.d.r.c.RepositoryConfigurationDelegate : Bootstrapping Spring Data JPA repositories in DEFAULT mode.
05-01-2026T22:42:56.325-03:00  INFO 35104 --- [autores-api] [restartedMain] .s.d.r.c.RepositoryConfigurationDelegate : Finished Spring Data repository scanning in 87 ms. Found 2 JPA repository interfaces.
05-01-2026T22:42:57.357-03:00  INFO 35104 --- [autores-api] [restartedMain] o.s.b.w.embedded.tomcat.TomcatWebServer  : Tomcat initialized with port 8080 (http)
05-01-2026T22:42:57.373-03:00  INFO 35104 --- [autores-api] [restartedMain] o.apache.catalina.core.StandardService   : Starting service [Tomcat]
05-01-2026T22:42:57.373-03:00  INFO 35104 --- [autores-api] [restartedMain] o.apache.catalina.core.StandardEngine    : Starting Servlet engine: [Apache Tomcat/10.1.48]
05-01-2026T22:42:57.471-03:00  INFO 35104 --- [autores-api] [restartedMain] o.a.c.c.C.[Tomcat].[localhost].[/]       : Initializing Spring embedded WebApplicationContext
05-01-2026T22:42:57.471-03:00  INFO 35104 --- [autores-api] [restartedMain] w.s.c.ServletWebServerApplicationContext : Root WebApplicationContext: initialization completed in 3141 ms
05-01-2026T22:42:57.978-03:00  INFO 35104 --- [autores-api] [restartedMain] o.hibernate.jpa.internal.util.LogHelper  : HHH000204: Processing PersistenceUnitInfo [name: default]
05-01-2026T22:42:58.040-03:00  INFO 35104 --- [autores-api] [restartedMain] org.hibernate.Version                    : HHH000412: Hibernate ORM core version 6.6.33.Final
05-01-2026T22:42:58.084-03:00  INFO 35104 --- [autores-api] [restartedMain] o.h.c.internal.RegionFactoryInitiator    : HHH000026: Second-level cache disabled
05-01-2026T22:42:58.216-03:00  INFO 35104 --- [autores-api] [restartedMain] com.zaxxer.hikari.HikariDataSource       : HikariPool-1 - Starting...
05-01-2026T22:42:59.051-03:00  INFO 35104 --- [autores-api] [restartedMain] com.zaxxer.hikari.pool.HikariPool        : HikariPool-1 - Added connection org.postgresql.jdbc.PgConnection@7d081157
05-01-2026T22:42:59.051-03:00  INFO 35104 --- [autores-api] [restartedMain] com.zaxxer.hikari.HikariDataSource       : HikariPool-1 - Start completed.
05-01-2026T22:42:59.123-03:00  WARN 35104 --- [autores-api] [restartedMain] org.hibernate.orm.deprecation            : HHH90000025: PostgreSQLDialect does not need to be specified explicitly using 'hibernate.dialect' (remove the property setting and it will be selected by default)
05-01-2026T22:42:59.148-03:00  INFO 35104 --- [autores-api] [restartedMain] org.hibernate.orm.connections.pooling    : HHH10001005: Database info:
	Database JDBC URL [Connecting through datasource 'HikariDataSource (HikariPool-1)']
	Database driver: undefined/unknown
	Database version: 17.4
	Autocommit mode: undefined/unknown
	Isolation level: undefined/unknown
	Minimum pool size: undefined/unknown
	Maximum pool size: undefined/unknown
05-01-2026T22:42:59.423-03:00  INFO 35104 --- [autores-api] [restartedMain] o.s.o.j.p.SpringPersistenceUnitInfo      : No LoadTimeWeaver setup: ignoring JPA class transformer
05-01-2026T22:43:00.579-03:00  INFO 35104 --- [autores-api] [restartedMain] o.h.e.t.j.p.i.JtaPlatformInitiator       : HHH000489: No JTA platform available (set 'hibernate.transaction.jta.platform' to enable JTA platform integration)
05-01-2026T22:43:00.769-03:00  INFO 35104 --- [autores-api] [restartedMain] j.LocalContainerEntityManagerFactoryBean : Initialized JPA EntityManagerFactory for persistence unit 'default'
05-01-2026T22:43:01.474-03:00  WARN 35104 --- [autores-api] [restartedMain] JpaBaseConfiguration$JpaWebConfiguration : spring.jpa.open-in-view is enabled by default. Therefore, database queries may be performed during view rendering. Explicitly configure spring.jpa.open-in-view to disable this warning
05-01-2026T22:43:02.064-03:00  INFO 35104 --- [autores-api] [restartedMain] r$InitializeUserDetailsManagerConfigurer : Global AuthenticationManager configured with UserDetailsService bean with name userDetailsService
05-01-2026T22:43:02.278-03:00  WARN 35104 --- [autores-api] [restartedMain] w.b.WebSecurity$IgnoredRequestConfigurer : One of the patterns in [v2/api-docs/**, v3/api-docs/**, swagger-resources/**, swagger-ui.html/**, swagger-ui/**, webjars/**, actuator/**] is missing a leading slash. This is discouraged; please include the leading slash in all your request matcher patterns. In future versions of Spring Security, leaving out the leading slash will result in an exception.
05-01-2026T22:43:02.313-03:00  WARN 35104 --- [autores-api] [restartedMain] o.s.s.c.a.web.builders.WebSecurity       : You are asking Spring Security to ignore Deferred [Mvc [pattern='v2/api-docs/**'], Ant [pattern='v2/api-docs/**']]. This is not recommended -- please use permitAll via HttpSecurity#authorizeHttpRequests instead.
05-01-2026T22:43:02.313-03:00  WARN 35104 --- [autores-api] [restartedMain] o.s.s.c.a.web.builders.WebSecurity       : You are asking Spring Security to ignore Deferred [Mvc [pattern='v3/api-docs/**'], Ant [pattern='v3/api-docs/**']]. This is not recommended -- please use permitAll via HttpSecurity#authorizeHttpRequests instead.
05-01-2026T22:43:02.313-03:00  WARN 35104 --- [autores-api] [restartedMain] o.s.s.c.a.web.builders.WebSecurity       : You are asking Spring Security to ignore Deferred [Mvc [pattern='swagger-resources/**'], Ant [pattern='swagger-resources/**']]. This is not recommended -- please use permitAll via HttpSecurity#authorizeHttpRequests instead.
05-01-2026T22:43:02.313-03:00  WARN 35104 --- [autores-api] [restartedMain] o.s.s.c.a.web.builders.WebSecurity       : You are asking Spring Security to ignore Deferred [Mvc [pattern='swagger-ui.html/**'], Ant [pattern='swagger-ui.html/**']]. This is not recommended -- please use permitAll via HttpSecurity#authorizeHttpRequests instead.
05-01-2026T22:43:02.313-03:00  WARN 35104 --- [autores-api] [restartedMain] o.s.s.c.a.web.builders.WebSecurity       : You are asking Spring Security to ignore Deferred [Mvc [pattern='swagger-ui/**'], Ant [pattern='swagger-ui/**']]. This is not recommended -- please use permitAll via HttpSecurity#authorizeHttpRequests instead.
05-01-2026T22:43:02.313-03:00  WARN 35104 --- [autores-api] [restartedMain] o.s.s.c.a.web.builders.WebSecurity       : You are asking Spring Security to ignore Deferred [Mvc [pattern='webjars/**'], Ant [pattern='webjars/**']]. This is not recommended -- please use permitAll via HttpSecurity#authorizeHttpRequests instead.
05-01-2026T22:43:02.313-03:00  WARN 35104 --- [autores-api] [restartedMain] o.s.s.c.a.web.builders.WebSecurity       : You are asking Spring Security to ignore Deferred [Mvc [pattern='actuator/**'], Ant [pattern='actuator/**']]. This is not recommended -- please use permitAll via HttpSecurity#authorizeHttpRequests instead.
05-01-2026T22:43:03.004-03:00  INFO 35104 --- [autores-api] [restartedMain] o.s.b.d.a.OptionalLiveReloadServer       : LiveReload server is running on port 35729
05-01-2026T22:43:03.187-03:00  INFO 35104 --- [autores-api] [restartedMain] o.s.b.w.embedded.tomcat.TomcatWebServer  : Tomcat started on port 8080 (http) with context path '/'
05-01-2026T22:43:03.330-03:00  INFO 35104 --- [autores-api] [restartedMain] o.s.b.w.embedded.tomcat.TomcatWebServer  : Tomcat initialized with port 9090 (http)
05-01-2026T22:43:03.330-03:00  INFO 35104 --- [autores-api] [restartedMain] o.apache.catalina.core.StandardService   : Starting service [Tomcat]
05-01-2026T22:43:03.330-03:00  INFO 35104 --- [autores-api] [restartedMain] o.apache.catalina.core.StandardEngine    : Starting Servlet engine: [Apache Tomcat/10.1.48]
05-01-2026T22:43:03.380-03:00  INFO 35104 --- [autores-api] [restartedMain] o.a.c.c.C.[Tomcat-1].[localhost].[/]     : Initializing Spring embedded WebApplicationContext
05-01-2026T22:43:03.380-03:00  INFO 35104 --- [autores-api] [restartedMain] w.s.c.ServletWebServerApplicationContext : Root WebApplicationContext: initialization completed in 177 ms
05-01-2026T22:43:03.402-03:00  INFO 35104 --- [autores-api] [restartedMain] o.s.b.a.e.web.EndpointLinksResolver      : Exposing 14 endpoints beneath base path '/actuator'
05-01-2026T22:43:03.506-03:00  INFO 35104 --- [autores-api] [restartedMain] o.s.b.w.embedded.tomcat.TomcatWebServer  : Tomcat started on port 9090 (http) with context path '/'
05-01-2026T22:43:03.522-03:00  INFO 35104 --- [autores-api] [restartedMain] b.c.a.autoresapi.AutoresApiApplication   : Started AutoresApiApplication in 9.954 seconds (process running for 11.293)
05-01-2026T22:43:03.538-03:00  WARN 35104 --- [autores-api] [restartedMain] o.s.core.events.SpringDocAppInitializer  : SpringDoc /v3/api-docs endpoint is enabled by default. To disable it in production, set the property 'springdoc.api-docs.enabled=false'
05-01-2026T22:43:03.538-03:00  WARN 35104 --- [autores-api] [restartedMain] o.s.core.events.SpringDocAppInitializer  : SpringDoc /docs endpoint is enabled by default. To disable it in production, set the property 'springdoc.swagger-ui.enabled=false'
05-01-2026T22:43:18.264-03:00  INFO 35104 --- [autores-api] [SpringApplicationShutdownHook] o.s.b.w.e.tomcat.GracefulShutdown        : Commencing graceful shutdown. Waiting for active requests to complete
05-01-2026T22:43:18.291-03:00  INFO 35104 --- [autores-api] [tomcat-shutdown] o.s.b.w.e.tomcat.GracefulShutdown        : Graceful shutdown complete
05-01-2026T22:43:18.293-03:00  INFO 35104 --- [autores-api] [SpringApplicationShutdownHook] o.s.b.w.e.tomcat.GracefulShutdown        : Commencing graceful shutdown. Waiting for active requests to complete
05-01-2026T22:43:18.309-03:00  INFO 35104 --- [autores-api] [tomcat-shutdown] o.s.b.w.e.tomcat.GracefulShutdown        : Graceful shutdown complete
05-01-2026T22:43:18.325-03:00  INFO 35104 --- [autores-api] [SpringApplicationShutdownHook] j.LocalContainerEntityManagerFactoryBean : Closing JPA EntityManagerFactory for persistence unit 'default'
05-01-2026T22:43:18.329-03:00  INFO 35104 --- [autores-api] [SpringApplicationShutdownHook] com.zaxxer.hikari.HikariDataSource       : HikariPool-1 - Shutdown initiated...
05-01-2026T22:43:18.337-03:00  INFO 35104 --- [autores-api] [SpringApplicationShutdownHook] com.zaxxer.hikari.HikariDataSource       : HikariPool-1 - Shutdown completed.
